<?xml version="1.0" encoding="UTF-8"?>
<coverage generated="1727920421769" clover="3.2.0">
  <project timestamp="1727920421770" name="All files">
    <metrics statements="11" coveredstatements="10" conditionals="10" coveredconditionals="9" methods="2" coveredmethods="2" elements="23" coveredelements="21" complexity="0" loc="11" ncloc="11" packages="1" files="2" classes="2"/>
    <file name="calculadora.js" path="C:\Users\Alexandre\nodejs-jest-calculadora-palindromo\calculadora.js">
      <metrics statements="8" coveredstatements="7" conditionals="10" coveredconditionals="9" methods="1" coveredmethods="1"/>
      <line num="2" count="5" type="cond" truecount="2" falsecount="0"/>
      <line num="3" count="4" type="cond" truecount="2" falsecount="0"/>
      <line num="4" count="3" type="cond" truecount="2" falsecount="0"/>
      <line num="5" count="2" type="cond" truecount="1" falsecount="1"/>
      <line num="6" count="2" type="cond" truecount="2" falsecount="0"/>
      <line num="7" count="1" type="stmt"/>
      <line num="9" count="0" type="stmt"/>
      <line num="12" count="1" type="stmt"/>
    </file>
    <file name="palindromo.js" path="C:\Users\Alexandre\nodejs-jest-calculadora-palindromo\palindromo.js">
      <metrics statements="3" coveredstatements="3" conditionals="0" coveredconditionals="0" methods="1" coveredmethods="1"/>
      <line num="2" count="4" type="stmt"/>
      <line num="3" count="4" type="stmt"/>
      <line num="6" count="1" type="stmt"/>
    </file>
  </project>
</coverage>
