{"C:\\Users\\Alexandre\\nodejs-jest-calculadora-palindromo\\calculadora.js": {"path":"C:\\Users\\Alexandre\\nodejs-jest-calculadora-palindromo\\calculadora.js","statementMap":{"0":{"start":{"line":2,"column":4},"end":{"line":2,"column":42}},"1":{"start":{"line":2,"column":29},"end":{"line":2,"column":42}},"2":{"start":{"line":3,"column":4},"end":{"line":3,"column":47}},"3":{"start":{"line":3,"column":34},"end":{"line":3,"column":47}},"4":{"start":{"line":4,"column":4},"end":{"line":4,"column":51}},"5":{"start":{"line":4,"column":38},"end":{"line":4,"column":51}},"6":{"start":{"line":5,"column":4},"end":{"line":8,"column":5}},"7":{"start":{"line":6,"column":6},"end":{"line":6,"column":69}},"8":{"start":{"line":6,"column":19},"end":{"line":6,"column":69}},"9":{"start":{"line":7,"column":6},"end":{"line":7,"column":19}},"10":{"start":{"line":9,"column":4},"end":{"line":9,"column":41}},"11":{"start":{"line":12,"column":2},"end":{"line":12,"column":31}}},"fnMap":{"0":{"name":"calculadora","decl":{"start":{"line":1,"column":9},"end":{"line":1,"column":20}},"loc":{"start":{"line":1,"column":37},"end":{"line":10,"column":3}},"line":1}},"branchMap":{"0":{"loc":{"start":{"line":2,"column":4},"end":{"line":2,"column":42}},"type":"if","locations":[{"start":{"line":2,"column":4},"end":{"line":2,"column":42}},{"start":{},"end":{}}],"line":2},"1":{"loc":{"start":{"line":3,"column":4},"end":{"line":3,"column":47}},"type":"if","locations":[{"start":{"line":3,"column":4},"end":{"line":3,"column":47}},{"start":{},"end":{}}],"line":3},"2":{"loc":{"start":{"line":4,"column":4},"end":{"line":4,"column":51}},"type":"if","locations":[{"start":{"line":4,"column":4},"end":{"line":4,"column":51}},{"start":{},"end":{}}],"line":4},"3":{"loc":{"start":{"line":5,"column":4},"end":{"line":8,"column":5}},"type":"if","locations":[{"start":{"line":5,"column":4},"end":{"line":8,"column":5}},{"start":{},"end":{}}],"line":5},"4":{"loc":{"start":{"line":6,"column":6},"end":{"line":6,"column":69}},"type":"if","locations":[{"start":{"line":6,"column":6},"end":{"line":6,"column":69}},{"start":{},"end":{}}],"line":6}},"s":{"0":5,"1":1,"2":4,"3":1,"4":3,"5":1,"6":2,"7":2,"8":1,"9":1,"10":0,"11":1},"f":{"0":5},"b":{"0":[1,4],"1":[1,3],"2":[1,2],"3":[2,0],"4":[1,1]},"_coverageSchema":"1a1c01bbd47fc00a2c39e90264f33305004495a9","hash":"d8aae9fe2342cb73dc0e78220328e4ab0c1da174"}
,"C:\\Users\\Alexandre\\nodejs-jest-calculadora-palindromo\\palindromo.js": {"path":"C:\\Users\\Alexandre\\nodejs-jest-calculadora-palindromo\\palindromo.js","statementMap":{"0":{"start":{"line":2,"column":18},"end":{"line":2,"column":57}},"1":{"start":{"line":3,"column":4},"end":{"line":3,"column":56}},"2":{"start":{"line":6,"column":2},"end":{"line":6,"column":31}}},"fnMap":{"0":{"name":"ePalindromo","decl":{"start":{"line":1,"column":9},"end":{"line":1,"column":20}},"loc":{"start":{"line":1,"column":26},"end":{"line":4,"column":3}},"line":1}},"branchMap":{},"s":{"0":4,"1":4,"2":1},"f":{"0":4},"b":{},"_coverageSchema":"1a1c01bbd47fc00a2c39e90264f33305004495a9","hash":"066b9c046ed0ff724866fd2a7fa73f6640a5a851"}
}
